::::::::::::::::::::::::::::::::::::::::::::::::::::::::::::::::::::::
  Multi-Core Markov-Chain Monte Carlo (MC3).
  Version 1.3.2.
  Copyright (c) 2015-2020 Patricio Cubillos and collaborators.
  MC3 is open-source software under the MIT license (see LICENSE).
::::::::::::::::::::::::::::::::::::::::::::::::::::::::::::::::::::::

Start MCMC chains  (Fri Aug 14 08:50:48 2020)

[:         ]  10.0% completed  (Sat Aug 15 01:59:03 2020)
Out-of-bound Trials:
 [24075    55 45642    15 72174  3778 36713 37766 36387 70415]
Best Parameters:   (chisq=39.6743)
[-0.61848486 -0.60707168  0.          0.          1.00110502
0.45768966
 -2.95276711  2.23669774 -5.457654   -5.79355754  0.74972092
1.34049066]

[::        ]  20.0% completed  (Sat Aug 15 19:04:52 2020)
Out-of-bound Trials:
 [ 52214     93  91526     20 152759  11512  76136  74567  74803
141612]
Best Parameters:   (chisq=39.6057)
[-0.43781569 -0.61706608  0.          0.          1.00255477
0.82473102
  1.07103542  2.49607469  1.39394429 -5.49723648 -1.47511592
-3.00472145]

[:::       ]  30.0% completed  (Sun Aug 16 12:11:24 2020)
Out-of-bound Trials:
 [ 82888    128 134622     30 231726  17613 113890 113352 112581
212759]
Best Parameters:   (chisq=39.6057)
[-0.43781569 -0.61706608  0.          0.          1.00255477
0.82473102
  1.07103542  2.49607469  1.39394429 -5.49723648 -1.47511592
-3.00472145]
Gelman-Rubin statistic for free parameters:
[1.00777116 1.00437651 1.00325004 1.00792578 1.00287631 1.00611135
 1.00537018 1.00307461 1.00151602 1.00422988]
All parameters have converged to within 1% of unity.

[::::      ]  40.0% completed  (Mon Aug 17 05:16:44 2020)
Out-of-bound Trials:
 [112818    169 179303     37 312481  25425 151294 150332 149376
284716]
Best Parameters:   (chisq=39.6057)
[-0.43781569 -0.61706608  0.          0.          1.00255477
0.82473102
  1.07103542  2.49607469  1.39394429 -5.49723648 -1.47511592
-3.00472145]
Gelman-Rubin statistic for free parameters:
[1.00254594 1.00187791 1.00142341 1.00218688 1.002014   1.00362213
 1.00302043 1.00103477 1.00055051 1.00051252]
All parameters have converged to within 1% of unity.

Fin, MCMC Summary:
------------------
 Burned in iterations per chain: 100000
 Number of iterations per chain: 160000
 MCMC sample size:               600000
 Acceptance rate:   7.30%

 Best-fit params   Uncertainties        S/N      Sample Mean   Note
  -4.3781569e-01   4.3638885e-01       1.00   -7.8381771e-01
  -6.1706608e-01   4.9219186e-02      12.54   -5.3751793e-01
   0.0000000e+00             0.0        ---              ---   Fixed
   0.0000000e+00             0.0        ---              ---   Fixed
   1.0025548e+00   2.2960698e-02      43.66    1.0355012e+00
   8.2473102e-01   4.6028193e-01       1.79    3.3842188e-01
   1.0710354e+00   3.2536904e+00       0.33    3.1241019e-01
   2.4960747e+00   5.7593102e-01       4.33    1.8081155e+00
   1.3939443e+00   2.2855638e+00       0.61   -1.9940878e+00
  -5.4972365e+00   1.4796485e+00       3.72   -3.4941010e+00
  -1.4751159e+00   2.2112095e+00       0.67   -2.1567008e+00
  -3.0047215e+00   3.1729444e+00       0.95   -5.0738300e-01

 Best-parameter's chi-squared:     39.6057
 Bayesian Information Criterion:   72.1866
 Reduced chi-squared:               2.4754
 Standard deviation of residuals:  0.000196438

 SPEIS: 676
 ESS  : 887

 kappa credible regions:
  68.27 +- 1.5601 %:  (-1.2842e+00, -5.8701e-01)
  95.45 +- 0.6986 %:  (-1.4959e+00,  1.6721e-01)
                    U ( 4.0753e-01,  4.1409e-01)
  99.73 +- 0.1739 %:  (-1.5000e+00,  7.1461e-01)

 g1 credible regions:
  68.27 +- 1.5601 %:  (-6.0063e-01, -4.9908e-01)
  95.45 +- 0.6986 %:  (-6.2357e-01, -4.3972e-01)
  99.73 +- 0.1739 %:  (-6.4503e-01, -3.9258e-01)

 beta credible regions:
  68.27 +- 1.5601 %:  ( 1.0024e+00,  1.0483e+00)
  95.45 +- 0.6986 %:  ( 1.0000e+00,  1.0782e+00)
  99.73 +- 0.1739 %:  ( 1.0000e+00,  1.1011e+00)

 H2O credible regions:
  68.27 +- 1.5601 %:  (-2.0406e-01,  5.9409e-01)
  95.45 +- 0.6986 %:  (-4.4887e-01,  1.3839e+00)
                    U ( 1.4578e+00,  1.4705e+00)
  99.73 +- 0.1739 %:  (-6.0098e-01,  1.8954e+00)

 CO2 credible regions:
  68.27 +- 1.5601 %:  (-5.5621e+00, -5.0934e+00)
                    U (-4.5379e+00, -4.1430e+00)
                    U (-3.7403e+00, -3.1738e+00)
                    U (-1.1337e-01,  4.9195e+00)
  95.45 +- 0.6986 %:  (-5.6699e+00, -2.4224e+00)
                    U (-2.0759e+00,  4.9404e+00)
  99.73 +- 0.1739 %:  (-5.9328e+00,  4.9998e+00)

 CO credible regions:
  68.27 +- 1.5601 %:  ( 1.6509e+00,  2.5136e+00)
  95.45 +- 0.6986 %:  ( 4.2895e-01,  4.8663e-01)
                    U ( 5.8135e-01,  2.5197e+00)
  99.73 +- 0.1739 %:  ( 5.4884e-02,  2.5197e+00)

 CH4 credible regions:
  68.27 +- 1.5601 %:  (-5.2054e+00, -5.0326e+00)
                    U (-4.6409e+00, -4.2456e+00)
                    U (-3.5809e+00, -1.1261e+00)
                    U (-1.0167e+00,  1.2100e+00)
  95.45 +- 0.6986 %:  (-5.8995e+00,  1.6467e+00)
  99.73 +- 0.1739 %:  (-5.9997e+00,  2.6350e+00)

 NH3 credible regions:
  68.27 +- 1.5601 %:  (-5.6170e+00, -2.3042e+00)
  95.45 +- 0.6986 %:  (-5.9998e+00, -1.0254e+00)
  99.73 +- 0.1739 %:  (-5.9998e+00, -5.9793e-02)

 HCN credible regions:
  68.27 +- 1.5601 %:  (-5.5491e+00, -4.0759e+00)
                    U (-2.8850e+00, -1.7440e+00)
                    U (-1.6190e+00,  7.9804e-01)
  95.45 +- 0.6986 %:  (-5.9350e+00,  1.3505e+00)
  99.73 +- 0.1739 %:  (-5.9998e+00,  2.4304e+00)

 C2H2 credible regions:
  68.27 +- 1.5601 %:  (-5.1505e+00, -4.4652e+00)
                    U (-4.2121e+00, -2.5797e+00)
                    U (-1.9911e+00, -6.2048e-01)
                    U ( 3.4426e-01,  1.7490e+00)
                    U ( 2.2518e+00,  4.4475e+00)
  95.45 +- 0.6986 %:  (-5.6741e+00,  4.6565e+00)
  99.73 +- 0.1739 %:  (-5.9909e+00,  4.9502e+00)

