::::::::::::::::::::::::::::::::::::::::::::::::::::::::::::::::::::::
  Multi-Core Markov-Chain Monte Carlo (MC3).
  Version 1.3.2.
  Copyright (c) 2015-2020 Patricio Cubillos and collaborators.
  MC3 is open-source software under the MIT license (see LICENSE).
::::::::::::::::::::::::::::::::::::::::::::::::::::::::::::::::::::::

Start MCMC chains  (Tue Aug 11 15:14:18 2020)

[:         ]  10.0% completed  (Wed Aug 12 07:05:00 2020)
Out-of-bound Trials:
 [44770 52037 41580   125 71287 13010 43609]
Best Parameters:   (chisq=39.7923)
[-0.657376   -0.59717593  0.          0.          1.00527389
0.4719428
 -0.7599673   2.40091616  0.14407454]

[::        ]  20.0% completed  (Wed Aug 12 23:02:05 2020)
Out-of-bound Trials:
 [ 95056 103231  83855    243 145082  24716  88278]
Best Parameters:   (chisq=39.7923)
[-0.657376   -0.59717593  0.          0.          1.00527389
0.4719428
 -0.7599673   2.40091616  0.14407454]

[:::       ]  30.0% completed  (Thu Aug 13 14:58:22 2020)
Out-of-bound Trials:
 [144634 154210 125882    363 218617  36082 134067]
Best Parameters:   (chisq=39.6992)
[-0.79513342 -0.56126109  0.          0.          1.0234143
0.37358432
 -0.49409053  2.33175493  0.30582144]
Gelman-Rubin statistic for free parameters:
[1.00441278 1.00248006 1.00269961 1.00479731 1.00491376 1.00319368
 1.00162947]
All parameters have converged to within 1% of unity.

[::::      ]  40.0% completed  (Fri Aug 14 06:54:24 2020)
Out-of-bound Trials:
 [194148 205166 167408    494 295511  49186 180549]
Best Parameters:   (chisq=39.6636)
[-0.63242949 -0.58955565  0.          0.          1.01071167
0.60406602
 -2.34989966  2.49251705  0.42123944]
Gelman-Rubin statistic for free parameters:
[1.00321104 1.00071817 1.00084215 1.00297381 1.00158844 1.00152099
 1.00088386]
All parameters have converged to within 1% of unity.

Fin, MCMC Summary:
------------------
 Burned in iterations per chain: 100000
 Number of iterations per chain: 160000
 MCMC sample size:               600000
 Acceptance rate:   8.89%

 Best-fit params   Uncertainties        S/N      Sample Mean   Note
  -6.3242949e-01   4.6886894e-01       1.35   -8.1328317e-01
  -5.8955565e-01   4.5862969e-02      12.85   -5.2810304e-01
   0.0000000e+00             0.0        ---              ---   Fixed
   0.0000000e+00             0.0        ---              ---   Fixed
   1.0107117e+00   2.2381116e-02      45.16    1.0393307e+00
   6.0406602e-01   5.0286521e-01       1.20    3.1991430e-01
  -2.3498997e+00   2.9722974e+00       0.79   -3.3578255e-01
   2.4925171e+00   5.9575426e-01       4.18    1.7750857e+00
   4.2123944e-01   2.0043700e+00       0.21   -2.5221247e+00

 Best-parameter's chi-squared:     39.6636
 Bayesian Information Criterion:   62.4703
 Reduced chi-squared:               2.0876
 Standard deviation of residuals:  0.000200494

 SPEIS: 897
 ESS  : 668

 kappa credible regions:
  68.27 +- 1.7968 %:  (-1.3182e+00, -6.5619e-01)
  95.45 +- 0.8045 %:  (-1.5000e+00,  2.6485e-01)
                    U ( 2.9361e-01,  3.2461e-01)
  99.73 +- 0.2003 %:  (-1.5000e+00,  8.7688e-01)
                    U ( 9.0614e-01,  9.5164e-01)

 g1 credible regions:
  68.27 +- 1.7968 %:  (-5.9515e-01, -5.0619e-01)
                    U (-4.9910e-01, -4.9604e-01)
  95.45 +- 0.8045 %:  (-6.0000e-01, -4.4224e-01)
  99.73 +- 0.2003 %:  (-6.0000e-01, -3.9595e-01)

 beta credible regions:
  68.27 +- 1.7968 %:  ( 1.0094e+00,  1.0556e+00)
  95.45 +- 0.8045 %:  ( 1.0009e+00,  1.0815e+00)
  99.73 +- 0.2003 %:  ( 1.0000e+00,  1.1013e+00)

 H2O credible regions:
  68.27 +- 1.7968 %:  (-2.2482e-01,  5.4535e-01)
  95.45 +- 0.8045 %:  (-5.1439e-01,  1.5159e+00)
                    U ( 1.7315e+00,  1.7406e+00)
  99.73 +- 0.2003 %:  (-5.8777e-01,  2.2191e+00)

 CO2 credible regions:
  68.27 +- 1.7968 %:  (-5.5997e+00, -4.7277e+00)
                    U (-4.5704e+00, -3.1573e+00)
                    U (-3.8174e-01,  3.6475e+00)
  95.45 +- 0.8045 %:  (-5.8438e+00,  3.9785e+00)
  99.73 +- 0.2003 %:  (-6.0000e+00,  4.7691e+00)

 CO credible regions:
  68.27 +- 1.7968 %:  ( 1.5977e+00,  2.5138e+00)
  95.45 +- 0.8045 %:  ( 4.7813e-01,  2.5213e+00)
  99.73 +- 0.2003 %:  ( 3.8239e-02,  2.5213e+00)

 CH4 credible regions:
  68.27 +- 1.7968 %:  (-5.6550e+00, -5.3027e+00)
                    U (-4.4539e+00, -3.6590e+00)
                    U (-3.4476e+00, -2.0526e+00)
                    U (-2.0292e+00, -8.2721e-01)
                    U (-6.4023e-01,  1.8948e-01)
  95.45 +- 0.8045 %:  (-5.9542e+00,  6.6521e-01)
  99.73 +- 0.2003 %:  (-5.9994e+00,  1.7663e+00)

